CRITICAL - 2021-12-29 02:11:17 --> Undefined variable $data
#0 E:\XAMPP\htdocs\tintuc-ci4\app\Views\include\main.php(3): CodeIgniter\Debug\Exceptions->errorHandler(2, 'Undefined varia...', 'E:\\XAMPP\\htdocs...', 3)
#1 E:\XAMPP\htdocs\tintuc-ci4\system\View\View.php(214): include('E:\\XAMPP\\htdocs...')
#2 E:\XAMPP\htdocs\tintuc-ci4\system\View\View.php(217): CodeIgniter\View\View->CodeIgniter\View\{closure}()
#3 E:\XAMPP\htdocs\tintuc-ci4\system\Common.php(1097): CodeIgniter\View\View->render('include/main', Array, true)
#4 E:\XAMPP\htdocs\tintuc-ci4\app\Controllers\Pages.php(17): view('include/main')
#5 E:\XAMPP\htdocs\tintuc-ci4\system\CodeIgniter.php(824): App\Controllers\Pages->showme()
#6 E:\XAMPP\htdocs\tintuc-ci4\system\CodeIgniter.php(410): CodeIgniter\CodeIgniter->runController(Object(App\Controllers\Pages))
#7 E:\XAMPP\htdocs\tintuc-ci4\system\CodeIgniter.php(318): CodeIgniter\CodeIgniter->handleRequest(NULL, Object(Config\Cache), false)
#8 E:\XAMPP\htdocs\tintuc-ci4\public\index.php(37): CodeIgniter\CodeIgniter->run()
#9 {main}
CRITICAL - 2021-12-29 02:11:33 --> Undefined variable $data
#0 E:\XAMPP\htdocs\tintuc-ci4\app\Views\include\main.php(3): CodeIgniter\Debug\Exceptions->errorHandler(2, 'Undefined varia...', 'E:\\XAMPP\\htdocs...', 3)
#1 E:\XAMPP\htdocs\tintuc-ci4\system\View\View.php(214): include('E:\\XAMPP\\htdocs...')
#2 E:\XAMPP\htdocs\tintuc-ci4\system\View\View.php(217): CodeIgniter\View\View->CodeIgniter\View\{closure}()
#3 E:\XAMPP\htdocs\tintuc-ci4\system\Common.php(1097): CodeIgniter\View\View->render('include/main', Array, true)
#4 E:\XAMPP\htdocs\tintuc-ci4\app\Controllers\Pages.php(17): view('include/main')
#5 E:\XAMPP\htdocs\tintuc-ci4\system\CodeIgniter.php(824): App\Controllers\Pages->showme()
#6 E:\XAMPP\htdocs\tintuc-ci4\system\CodeIgniter.php(410): CodeIgniter\CodeIgniter->runController(Object(App\Controllers\Pages))
#7 E:\XAMPP\htdocs\tintuc-ci4\system\CodeIgniter.php(318): CodeIgniter\CodeIgniter->handleRequest(NULL, Object(Config\Cache), false)
#8 E:\XAMPP\htdocs\tintuc-ci4\public\index.php(37): CodeIgniter\CodeIgniter->run()
#9 {main}
CRITICAL - 2021-12-29 02:18:27 --> Undefined property: App\Controllers\Pages::$load
#0 E:\XAMPP\htdocs\tintuc-ci4\app\Controllers\Pages.php(17): CodeIgniter\Debug\Exceptions->errorHandler(2, 'Undefined prope...', 'E:\\XAMPP\\htdocs...', 17)
#1 E:\XAMPP\htdocs\tintuc-ci4\system\CodeIgniter.php(824): App\Controllers\Pages->showme()
#2 E:\XAMPP\htdocs\tintuc-ci4\system\CodeIgniter.php(410): CodeIgniter\CodeIgniter->runController(Object(App\Controllers\Pages))
#3 E:\XAMPP\htdocs\tintuc-ci4\system\CodeIgniter.php(318): CodeIgniter\CodeIgniter->handleRequest(NULL, Object(Config\Cache), false)
#4 E:\XAMPP\htdocs\tintuc-ci4\public\index.php(37): CodeIgniter\CodeIgniter->run()
#5 {main}
CRITICAL - 2021-12-29 02:18:39 --> Undefined property: App\Controllers\Pages::$load
#0 E:\XAMPP\htdocs\tintuc-ci4\app\Controllers\Pages.php(17): CodeIgniter\Debug\Exceptions->errorHandler(2, 'Undefined prope...', 'E:\\XAMPP\\htdocs...', 17)
#1 E:\XAMPP\htdocs\tintuc-ci4\system\CodeIgniter.php(824): App\Controllers\Pages->showme()
#2 E:\XAMPP\htdocs\tintuc-ci4\system\CodeIgniter.php(410): CodeIgniter\CodeIgniter->runController(Object(App\Controllers\Pages))
#3 E:\XAMPP\htdocs\tintuc-ci4\system\CodeIgniter.php(318): CodeIgniter\CodeIgniter->handleRequest(NULL, Object(Config\Cache), false)
#4 E:\XAMPP\htdocs\tintuc-ci4\public\index.php(37): CodeIgniter\CodeIgniter->run()
#5 {main}
CRITICAL - 2021-12-29 02:18:46 --> Undefined property: App\Controllers\Pages::$load
#0 E:\XAMPP\htdocs\tintuc-ci4\app\Controllers\Pages.php(17): CodeIgniter\Debug\Exceptions->errorHandler(2, 'Undefined prope...', 'E:\\XAMPP\\htdocs...', 17)
#1 E:\XAMPP\htdocs\tintuc-ci4\system\CodeIgniter.php(824): App\Controllers\Pages->showme()
#2 E:\XAMPP\htdocs\tintuc-ci4\system\CodeIgniter.php(410): CodeIgniter\CodeIgniter->runController(Object(App\Controllers\Pages))
#3 E:\XAMPP\htdocs\tintuc-ci4\system\CodeIgniter.php(318): CodeIgniter\CodeIgniter->handleRequest(NULL, Object(Config\Cache), false)
#4 E:\XAMPP\htdocs\tintuc-ci4\public\index.php(37): CodeIgniter\CodeIgniter->run()
#5 {main}
CRITICAL - 2021-12-29 02:18:50 --> Undefined property: App\Controllers\Pages::$load
#0 E:\XAMPP\htdocs\tintuc-ci4\app\Controllers\Pages.php(17): CodeIgniter\Debug\Exceptions->errorHandler(2, 'Undefined prope...', 'E:\\XAMPP\\htdocs...', 17)
#1 E:\XAMPP\htdocs\tintuc-ci4\system\CodeIgniter.php(824): App\Controllers\Pages->showme()
#2 E:\XAMPP\htdocs\tintuc-ci4\system\CodeIgniter.php(410): CodeIgniter\CodeIgniter->runController(Object(App\Controllers\Pages))
#3 E:\XAMPP\htdocs\tintuc-ci4\system\CodeIgniter.php(318): CodeIgniter\CodeIgniter->handleRequest(NULL, Object(Config\Cache), false)
#4 E:\XAMPP\htdocs\tintuc-ci4\public\index.php(37): CodeIgniter\CodeIgniter->run()
#5 {main}
CRITICAL - 2021-12-29 02:24:49 --> is_file() expects exactly 1 argument, 2 given
#0 E:\XAMPP\htdocs\tintuc-ci4\app\Controllers\Pages.php(15): is_file('E:\\XAMPP\\htdocs...', 'home.php')
#1 E:\XAMPP\htdocs\tintuc-ci4\system\CodeIgniter.php(824): App\Controllers\Pages->showme()
#2 E:\XAMPP\htdocs\tintuc-ci4\system\CodeIgniter.php(410): CodeIgniter\CodeIgniter->runController(Object(App\Controllers\Pages))
#3 E:\XAMPP\htdocs\tintuc-ci4\system\CodeIgniter.php(318): CodeIgniter\CodeIgniter->handleRequest(NULL, Object(Config\Cache), false)
#4 E:\XAMPP\htdocs\tintuc-ci4\public\index.php(37): CodeIgniter\CodeIgniter->run()
#5 {main}
CRITICAL - 2021-12-29 02:25:15 --> is_file() expects exactly 1 argument, 2 given
#0 E:\XAMPP\htdocs\tintuc-ci4\app\Controllers\Pages.php(15): is_file('E:\\XAMPP\\htdocs...', 'home.php')
#1 E:\XAMPP\htdocs\tintuc-ci4\system\CodeIgniter.php(824): App\Controllers\Pages->showme()
#2 E:\XAMPP\htdocs\tintuc-ci4\system\CodeIgniter.php(410): CodeIgniter\CodeIgniter->runController(Object(App\Controllers\Pages))
#3 E:\XAMPP\htdocs\tintuc-ci4\system\CodeIgniter.php(318): CodeIgniter\CodeIgniter->handleRequest(NULL, Object(Config\Cache), false)
#4 E:\XAMPP\htdocs\tintuc-ci4\public\index.php(37): CodeIgniter\CodeIgniter->run()
#5 {main}
CRITICAL - 2021-12-29 02:26:18 --> is_file() expects exactly 1 argument, 2 given
#0 E:\XAMPP\htdocs\tintuc-ci4\app\Controllers\Pages.php(15): is_file('E:\\XAMPP\\htdocs...', 'home.php')
#1 E:\XAMPP\htdocs\tintuc-ci4\system\CodeIgniter.php(824): App\Controllers\Pages->showme()
#2 E:\XAMPP\htdocs\tintuc-ci4\system\CodeIgniter.php(410): CodeIgniter\CodeIgniter->runController(Object(App\Controllers\Pages))
#3 E:\XAMPP\htdocs\tintuc-ci4\system\CodeIgniter.php(318): CodeIgniter\CodeIgniter->handleRequest(NULL, Object(Config\Cache), false)
#4 E:\XAMPP\htdocs\tintuc-ci4\public\index.php(37): CodeIgniter\CodeIgniter->run()
#5 {main}
CRITICAL - 2021-12-29 02:26:58 --> Invalid file: pages/.$page
#0 E:\XAMPP\htdocs\tintuc-ci4\system\View\View.php(198): CodeIgniter\Exceptions\FrameworkException::forInvalidFile('pages/.$page')
#1 E:\XAMPP\htdocs\tintuc-ci4\system\Common.php(1097): CodeIgniter\View\View->render('pages/.$page', Array, true)
#2 E:\XAMPP\htdocs\tintuc-ci4\app\Controllers\Pages.php(23): view('pages/.$page')
#3 E:\XAMPP\htdocs\tintuc-ci4\system\CodeIgniter.php(824): App\Controllers\Pages->showme()
#4 E:\XAMPP\htdocs\tintuc-ci4\system\CodeIgniter.php(410): CodeIgniter\CodeIgniter->runController(Object(App\Controllers\Pages))
#5 E:\XAMPP\htdocs\tintuc-ci4\system\CodeIgniter.php(318): CodeIgniter\CodeIgniter->handleRequest(NULL, Object(Config\Cache), false)
#6 E:\XAMPP\htdocs\tintuc-ci4\public\index.php(37): CodeIgniter\CodeIgniter->run()
#7 {main}
CRITICAL - 2021-12-29 02:27:03 --> Invalid file: pages/.$page
#0 E:\XAMPP\htdocs\tintuc-ci4\system\View\View.php(198): CodeIgniter\Exceptions\FrameworkException::forInvalidFile('pages/.$page')
#1 E:\XAMPP\htdocs\tintuc-ci4\system\Common.php(1097): CodeIgniter\View\View->render('pages/.$page', Array, true)
#2 E:\XAMPP\htdocs\tintuc-ci4\app\Controllers\Pages.php(23): view('pages/.$page')
#3 E:\XAMPP\htdocs\tintuc-ci4\system\CodeIgniter.php(824): App\Controllers\Pages->showme()
#4 E:\XAMPP\htdocs\tintuc-ci4\system\CodeIgniter.php(410): CodeIgniter\CodeIgniter->runController(Object(App\Controllers\Pages))
#5 E:\XAMPP\htdocs\tintuc-ci4\system\CodeIgniter.php(318): CodeIgniter\CodeIgniter->handleRequest(NULL, Object(Config\Cache), false)
#6 E:\XAMPP\htdocs\tintuc-ci4\public\index.php(37): CodeIgniter\CodeIgniter->run()
#7 {main}
CRITICAL - 2021-12-29 02:27:33 --> Invalid file: pages/.$page
#0 E:\XAMPP\htdocs\tintuc-ci4\system\View\View.php(198): CodeIgniter\Exceptions\FrameworkException::forInvalidFile('pages/.$page')
#1 E:\XAMPP\htdocs\tintuc-ci4\system\Common.php(1097): CodeIgniter\View\View->render('pages/.$page', Array, true)
#2 E:\XAMPP\htdocs\tintuc-ci4\app\Controllers\Pages.php(23): view('pages/.$page')
#3 E:\XAMPP\htdocs\tintuc-ci4\system\CodeIgniter.php(824): App\Controllers\Pages->showme()
#4 E:\XAMPP\htdocs\tintuc-ci4\system\CodeIgniter.php(410): CodeIgniter\CodeIgniter->runController(Object(App\Controllers\Pages))
#5 E:\XAMPP\htdocs\tintuc-ci4\system\CodeIgniter.php(318): CodeIgniter\CodeIgniter->handleRequest(NULL, Object(Config\Cache), false)
#6 E:\XAMPP\htdocs\tintuc-ci4\public\index.php(37): CodeIgniter\CodeIgniter->run()
#7 {main}
CRITICAL - 2021-12-29 02:27:50 --> Invalid file: pages/.$page
#0 E:\XAMPP\htdocs\tintuc-ci4\system\View\View.php(198): CodeIgniter\Exceptions\FrameworkException::forInvalidFile('pages/.$page')
#1 E:\XAMPP\htdocs\tintuc-ci4\system\Common.php(1097): CodeIgniter\View\View->render('pages/.$page', Array, true)
#2 E:\XAMPP\htdocs\tintuc-ci4\app\Controllers\Pages.php(23): view('pages/.$page')
#3 E:\XAMPP\htdocs\tintuc-ci4\system\CodeIgniter.php(824): App\Controllers\Pages->showme()
#4 E:\XAMPP\htdocs\tintuc-ci4\system\CodeIgniter.php(410): CodeIgniter\CodeIgniter->runController(Object(App\Controllers\Pages))
#5 E:\XAMPP\htdocs\tintuc-ci4\system\CodeIgniter.php(318): CodeIgniter\CodeIgniter->handleRequest(NULL, Object(Config\Cache), false)
#6 E:\XAMPP\htdocs\tintuc-ci4\public\index.php(37): CodeIgniter\CodeIgniter->run()
#7 {main}
CRITICAL - 2021-12-29 02:28:43 --> is_file() expects exactly 1 argument, 2 given
#0 E:\XAMPP\htdocs\tintuc-ci4\app\Controllers\Pages.php(15): is_file('E:\\XAMPP\\htdocs...', 'home.php')
#1 E:\XAMPP\htdocs\tintuc-ci4\system\CodeIgniter.php(824): App\Controllers\Pages->showme()
#2 E:\XAMPP\htdocs\tintuc-ci4\system\CodeIgniter.php(410): CodeIgniter\CodeIgniter->runController(Object(App\Controllers\Pages))
#3 E:\XAMPP\htdocs\tintuc-ci4\system\CodeIgniter.php(318): CodeIgniter\CodeIgniter->handleRequest(NULL, Object(Config\Cache), false)
#4 E:\XAMPP\htdocs\tintuc-ci4\public\index.php(37): CodeIgniter\CodeIgniter->run()
#5 {main}
CRITICAL - 2021-12-29 02:29:00 --> is_file() expects exactly 1 argument, 2 given
#0 E:\XAMPP\htdocs\tintuc-ci4\app\Controllers\Pages.php(15): is_file('E:\\XAMPP\\htdocs...', 'home.php')
#1 E:\XAMPP\htdocs\tintuc-ci4\system\CodeIgniter.php(824): App\Controllers\Pages->showme()
#2 E:\XAMPP\htdocs\tintuc-ci4\system\CodeIgniter.php(410): CodeIgniter\CodeIgniter->runController(Object(App\Controllers\Pages))
#3 E:\XAMPP\htdocs\tintuc-ci4\system\CodeIgniter.php(318): CodeIgniter\CodeIgniter->handleRequest(NULL, Object(Config\Cache), false)
#4 E:\XAMPP\htdocs\tintuc-ci4\public\index.php(37): CodeIgniter\CodeIgniter->run()
#5 {main}
CRITICAL - 2021-12-29 02:29:12 --> is_file() expects exactly 1 argument, 2 given
#0 E:\XAMPP\htdocs\tintuc-ci4\app\Controllers\Pages.php(15): is_file('E:\\XAMPP\\htdocs...', 'home.php')
#1 E:\XAMPP\htdocs\tintuc-ci4\system\CodeIgniter.php(824): App\Controllers\Pages->showme()
#2 E:\XAMPP\htdocs\tintuc-ci4\system\CodeIgniter.php(410): CodeIgniter\CodeIgniter->runController(Object(App\Controllers\Pages))
#3 E:\XAMPP\htdocs\tintuc-ci4\system\CodeIgniter.php(318): CodeIgniter\CodeIgniter->handleRequest(NULL, Object(Config\Cache), false)
#4 E:\XAMPP\htdocs\tintuc-ci4\public\index.php(37): CodeIgniter\CodeIgniter->run()
#5 {main}
CRITICAL - 2021-12-29 02:29:27 --> is_file() expects exactly 1 argument, 2 given
#0 E:\XAMPP\htdocs\tintuc-ci4\app\Controllers\Pages.php(15): is_file('E:\\XAMPP\\htdocs...', 'home.php')
#1 E:\XAMPP\htdocs\tintuc-ci4\system\CodeIgniter.php(824): App\Controllers\Pages->showme()
#2 E:\XAMPP\htdocs\tintuc-ci4\system\CodeIgniter.php(410): CodeIgniter\CodeIgniter->runController(Object(App\Controllers\Pages))
#3 E:\XAMPP\htdocs\tintuc-ci4\system\CodeIgniter.php(318): CodeIgniter\CodeIgniter->handleRequest(NULL, Object(Config\Cache), false)
#4 E:\XAMPP\htdocs\tintuc-ci4\public\index.php(37): CodeIgniter\CodeIgniter->run()
#5 {main}
CRITICAL - 2021-12-29 02:29:45 --> is_file() expects exactly 1 argument, 2 given
#0 E:\XAMPP\htdocs\tintuc-ci4\app\Controllers\Pages.php(15): is_file('E:\\XAMPP\\htdocs...', 'home.php')
#1 E:\XAMPP\htdocs\tintuc-ci4\system\CodeIgniter.php(824): App\Controllers\Pages->showme()
#2 E:\XAMPP\htdocs\tintuc-ci4\system\CodeIgniter.php(410): CodeIgniter\CodeIgniter->runController(Object(App\Controllers\Pages))
#3 E:\XAMPP\htdocs\tintuc-ci4\system\CodeIgniter.php(318): CodeIgniter\CodeIgniter->handleRequest(NULL, Object(Config\Cache), false)
#4 E:\XAMPP\htdocs\tintuc-ci4\public\index.php(37): CodeIgniter\CodeIgniter->run()
#5 {main}
CRITICAL - 2021-12-29 02:29:50 --> is_file() expects exactly 1 argument, 2 given
#0 E:\XAMPP\htdocs\tintuc-ci4\app\Controllers\Pages.php(15): is_file('E:\\XAMPP\\htdocs...', 'home.php')
#1 E:\XAMPP\htdocs\tintuc-ci4\system\CodeIgniter.php(824): App\Controllers\Pages->showme()
#2 E:\XAMPP\htdocs\tintuc-ci4\system\CodeIgniter.php(410): CodeIgniter\CodeIgniter->runController(Object(App\Controllers\Pages))
#3 E:\XAMPP\htdocs\tintuc-ci4\system\CodeIgniter.php(318): CodeIgniter\CodeIgniter->handleRequest(NULL, Object(Config\Cache), false)
#4 E:\XAMPP\htdocs\tintuc-ci4\public\index.php(37): CodeIgniter\CodeIgniter->run()
#5 {main}
CRITICAL - 2021-12-29 02:29:54 --> is_file() expects exactly 1 argument, 2 given
#0 E:\XAMPP\htdocs\tintuc-ci4\app\Controllers\Pages.php(15): is_file('E:\\XAMPP\\htdocs...', 'home.php')
#1 E:\XAMPP\htdocs\tintuc-ci4\system\CodeIgniter.php(824): App\Controllers\Pages->showme()
#2 E:\XAMPP\htdocs\tintuc-ci4\system\CodeIgniter.php(410): CodeIgniter\CodeIgniter->runController(Object(App\Controllers\Pages))
#3 E:\XAMPP\htdocs\tintuc-ci4\system\CodeIgniter.php(318): CodeIgniter\CodeIgniter->handleRequest(NULL, Object(Config\Cache), false)
#4 E:\XAMPP\htdocs\tintuc-ci4\public\index.php(37): CodeIgniter\CodeIgniter->run()
#5 {main}
CRITICAL - 2021-12-29 02:34:48 --> Invalid file: pages/.$page
#0 E:\XAMPP\htdocs\tintuc-ci4\system\View\View.php(198): CodeIgniter\Exceptions\FrameworkException::forInvalidFile('pages/.$page')
#1 E:\XAMPP\htdocs\tintuc-ci4\system\Common.php(1097): CodeIgniter\View\View->render('pages/.$page', Array, true)
#2 E:\XAMPP\htdocs\tintuc-ci4\app\Controllers\Pages.php(23): view('pages/.$page')
#3 E:\XAMPP\htdocs\tintuc-ci4\system\CodeIgniter.php(824): App\Controllers\Pages->showme()
#4 E:\XAMPP\htdocs\tintuc-ci4\system\CodeIgniter.php(410): CodeIgniter\CodeIgniter->runController(Object(App\Controllers\Pages))
#5 E:\XAMPP\htdocs\tintuc-ci4\system\CodeIgniter.php(318): CodeIgniter\CodeIgniter->handleRequest(NULL, Object(Config\Cache), false)
#6 E:\XAMPP\htdocs\tintuc-ci4\public\index.php(37): CodeIgniter\CodeIgniter->run()
#7 {main}
CRITICAL - 2021-12-29 02:35:19 --> Invalid file: pages/.$page
#0 E:\XAMPP\htdocs\tintuc-ci4\system\View\View.php(198): CodeIgniter\Exceptions\FrameworkException::forInvalidFile('pages/.$page')
#1 E:\XAMPP\htdocs\tintuc-ci4\system\Common.php(1097): CodeIgniter\View\View->render('pages/.$page', Array, true)
#2 E:\XAMPP\htdocs\tintuc-ci4\app\Controllers\Pages.php(23): view('pages/.$page')
#3 E:\XAMPP\htdocs\tintuc-ci4\system\CodeIgniter.php(824): App\Controllers\Pages->showme()
#4 E:\XAMPP\htdocs\tintuc-ci4\system\CodeIgniter.php(410): CodeIgniter\CodeIgniter->runController(Object(App\Controllers\Pages))
#5 E:\XAMPP\htdocs\tintuc-ci4\system\CodeIgniter.php(318): CodeIgniter\CodeIgniter->handleRequest(NULL, Object(Config\Cache), false)
#6 E:\XAMPP\htdocs\tintuc-ci4\public\index.php(37): CodeIgniter\CodeIgniter->run()
#7 {main}
CRITICAL - 2021-12-29 02:41:44 --> Invalid file: pages/.$page
#0 E:\XAMPP\htdocs\tintuc-ci4\system\View\View.php(198): CodeIgniter\Exceptions\FrameworkException::forInvalidFile('pages/.$page')
#1 E:\XAMPP\htdocs\tintuc-ci4\system\Common.php(1097): CodeIgniter\View\View->render('pages/.$page', Array, true)
#2 E:\XAMPP\htdocs\tintuc-ci4\app\Controllers\Pages.php(23): view('pages/.$page')
#3 E:\XAMPP\htdocs\tintuc-ci4\system\CodeIgniter.php(824): App\Controllers\Pages->showme()
#4 E:\XAMPP\htdocs\tintuc-ci4\system\CodeIgniter.php(410): CodeIgniter\CodeIgniter->runController(Object(App\Controllers\Pages))
#5 E:\XAMPP\htdocs\tintuc-ci4\system\CodeIgniter.php(318): CodeIgniter\CodeIgniter->handleRequest(NULL, Object(Config\Cache), false)
#6 E:\XAMPP\htdocs\tintuc-ci4\public\index.php(37): CodeIgniter\CodeIgniter->run()
#7 {main}
CRITICAL - 2021-12-29 02:43:57 --> Invalid file: pages/.$page
#0 E:\XAMPP\htdocs\tintuc-ci4\system\View\View.php(198): CodeIgniter\Exceptions\FrameworkException::forInvalidFile('pages/.$page')
#1 E:\XAMPP\htdocs\tintuc-ci4\system\Common.php(1097): CodeIgniter\View\View->render('pages/.$page', Array, true)
#2 E:\XAMPP\htdocs\tintuc-ci4\app\Controllers\Pages.php(23): view('pages/.$page')
#3 E:\XAMPP\htdocs\tintuc-ci4\system\CodeIgniter.php(824): App\Controllers\Pages->showme()
#4 E:\XAMPP\htdocs\tintuc-ci4\system\CodeIgniter.php(410): CodeIgniter\CodeIgniter->runController(Object(App\Controllers\Pages))
#5 E:\XAMPP\htdocs\tintuc-ci4\system\CodeIgniter.php(318): CodeIgniter\CodeIgniter->handleRequest(NULL, Object(Config\Cache), false)
#6 E:\XAMPP\htdocs\tintuc-ci4\public\index.php(37): CodeIgniter\CodeIgniter->run()
#7 {main}
CRITICAL - 2021-12-29 03:05:03 --> is_file() expects exactly 1 argument, 2 given
#0 E:\XAMPP\htdocs\tintuc-ci4\app\Controllers\Pages.php(15): is_file('E:\\XAMPP\\htdocs...', 'home.php')
#1 E:\XAMPP\htdocs\tintuc-ci4\system\CodeIgniter.php(824): App\Controllers\Pages->showme()
#2 E:\XAMPP\htdocs\tintuc-ci4\system\CodeIgniter.php(410): CodeIgniter\CodeIgniter->runController(Object(App\Controllers\Pages))
#3 E:\XAMPP\htdocs\tintuc-ci4\system\CodeIgniter.php(318): CodeIgniter\CodeIgniter->handleRequest(NULL, Object(Config\Cache), false)
#4 E:\XAMPP\htdocs\tintuc-ci4\public\index.php(37): CodeIgniter\CodeIgniter->run()
#5 {main}
CRITICAL - 2021-12-29 03:07:04 --> is_file() expects exactly 1 argument, 2 given
#0 E:\XAMPP\htdocs\tintuc-ci4\app\Controllers\Pages.php(15): is_file('E:\\XAMPP\\htdocs...', 'home.php')
#1 E:\XAMPP\htdocs\tintuc-ci4\system\CodeIgniter.php(824): App\Controllers\Pages->showme()
#2 E:\XAMPP\htdocs\tintuc-ci4\system\CodeIgniter.php(410): CodeIgniter\CodeIgniter->runController(Object(App\Controllers\Pages))
#3 E:\XAMPP\htdocs\tintuc-ci4\system\CodeIgniter.php(318): CodeIgniter\CodeIgniter->handleRequest(NULL, Object(Config\Cache), false)
#4 E:\XAMPP\htdocs\tintuc-ci4\public\index.php(37): CodeIgniter\CodeIgniter->run()
#5 {main}
CRITICAL - 2021-12-29 03:07:31 --> is_file() expects exactly 1 argument, 2 given
#0 E:\XAMPP\htdocs\tintuc-ci4\app\Controllers\Pages.php(15): is_file('E:\\XAMPP\\htdocs...', 'home.php')
#1 E:\XAMPP\htdocs\tintuc-ci4\system\CodeIgniter.php(824): App\Controllers\Pages->showme()
#2 E:\XAMPP\htdocs\tintuc-ci4\system\CodeIgniter.php(410): CodeIgniter\CodeIgniter->runController(Object(App\Controllers\Pages))
#3 E:\XAMPP\htdocs\tintuc-ci4\system\CodeIgniter.php(318): CodeIgniter\CodeIgniter->handleRequest(NULL, Object(Config\Cache), false)
#4 E:\XAMPP\htdocs\tintuc-ci4\public\index.php(37): CodeIgniter\CodeIgniter->run()
#5 {main}
CRITICAL - 2021-12-29 03:28:02 --> Invalid file: pages/aubout.php
#0 E:\XAMPP\htdocs\tintuc-ci4\system\View\View.php(198): CodeIgniter\Exceptions\FrameworkException::forInvalidFile('pages/aubout.ph...')
#1 E:\XAMPP\htdocs\tintuc-ci4\system\Common.php(1097): CodeIgniter\View\View->render('pages/aubout', Array, true)
#2 E:\XAMPP\htdocs\tintuc-ci4\app\Controllers\Pages.php(23): view('pages/aubout')
#3 E:\XAMPP\htdocs\tintuc-ci4\system\CodeIgniter.php(824): App\Controllers\Pages->showme('aubout')
#4 E:\XAMPP\htdocs\tintuc-ci4\system\CodeIgniter.php(410): CodeIgniter\CodeIgniter->runController(Object(App\Controllers\Pages))
#5 E:\XAMPP\htdocs\tintuc-ci4\system\CodeIgniter.php(318): CodeIgniter\CodeIgniter->handleRequest(NULL, Object(Config\Cache), false)
#6 E:\XAMPP\htdocs\tintuc-ci4\public\index.php(37): CodeIgniter\CodeIgniter->run()
#7 {main}
CRITICAL - 2021-12-29 03:28:06 --> Invalid file: pages/about.php
#0 E:\XAMPP\htdocs\tintuc-ci4\system\View\View.php(198): CodeIgniter\Exceptions\FrameworkException::forInvalidFile('pages/about.php')
#1 E:\XAMPP\htdocs\tintuc-ci4\system\Common.php(1097): CodeIgniter\View\View->render('pages/about', Array, true)
#2 E:\XAMPP\htdocs\tintuc-ci4\app\Controllers\Pages.php(23): view('pages/about')
#3 E:\XAMPP\htdocs\tintuc-ci4\system\CodeIgniter.php(824): App\Controllers\Pages->showme('about')
#4 E:\XAMPP\htdocs\tintuc-ci4\system\CodeIgniter.php(410): CodeIgniter\CodeIgniter->runController(Object(App\Controllers\Pages))
#5 E:\XAMPP\htdocs\tintuc-ci4\system\CodeIgniter.php(318): CodeIgniter\CodeIgniter->handleRequest(NULL, Object(Config\Cache), false)
#6 E:\XAMPP\htdocs\tintuc-ci4\public\index.php(37): CodeIgniter\CodeIgniter->run()
#7 {main}
CRITICAL - 2021-12-29 03:32:22 --> Invalid file: pages/pages.php
#0 E:\XAMPP\htdocs\tintuc-ci4\system\View\View.php(198): CodeIgniter\Exceptions\FrameworkException::forInvalidFile('pages/pages.php')
#1 E:\XAMPP\htdocs\tintuc-ci4\system\Common.php(1097): CodeIgniter\View\View->render('pages/pages', Array, true)
#2 E:\XAMPP\htdocs\tintuc-ci4\app\Controllers\Pages.php(23): view('pages/pages')
#3 E:\XAMPP\htdocs\tintuc-ci4\system\CodeIgniter.php(824): App\Controllers\Pages->showme('pages', 'showme', 'about')
#4 E:\XAMPP\htdocs\tintuc-ci4\system\CodeIgniter.php(410): CodeIgniter\CodeIgniter->runController(Object(App\Controllers\Pages))
#5 E:\XAMPP\htdocs\tintuc-ci4\system\CodeIgniter.php(318): CodeIgniter\CodeIgniter->handleRequest(NULL, Object(Config\Cache), false)
#6 E:\XAMPP\htdocs\tintuc-ci4\public\index.php(37): CodeIgniter\CodeIgniter->run()
#7 {main}
CRITICAL - 2021-12-29 03:33:31 --> Invalid file: pages/pages.php
#0 E:\XAMPP\htdocs\tintuc-ci4\system\View\View.php(198): CodeIgniter\Exceptions\FrameworkException::forInvalidFile('pages/pages.php')
#1 E:\XAMPP\htdocs\tintuc-ci4\system\Common.php(1097): CodeIgniter\View\View->render('pages/pages', Array, true)
#2 E:\XAMPP\htdocs\tintuc-ci4\app\Controllers\Pages.php(23): view('pages/pages')
#3 E:\XAMPP\htdocs\tintuc-ci4\system\CodeIgniter.php(824): App\Controllers\Pages->showme('pages', 'showme', 'about')
#4 E:\XAMPP\htdocs\tintuc-ci4\system\CodeIgniter.php(410): CodeIgniter\CodeIgniter->runController(Object(App\Controllers\Pages))
#5 E:\XAMPP\htdocs\tintuc-ci4\system\CodeIgniter.php(318): CodeIgniter\CodeIgniter->handleRequest(NULL, Object(Config\Cache), false)
#6 E:\XAMPP\htdocs\tintuc-ci4\public\index.php(37): CodeIgniter\CodeIgniter->run()
#7 {main}
CRITICAL - 2021-12-29 20:10:07 --> Invalid file: pages/pages.php
#0 E:\XAMPP\htdocs\tintuc-ci4\system\View\View.php(198): CodeIgniter\Exceptions\FrameworkException::forInvalidFile('pages/pages.php')
#1 E:\XAMPP\htdocs\tintuc-ci4\system\Common.php(1097): CodeIgniter\View\View->render('pages/pages', Array, true)
#2 E:\XAMPP\htdocs\tintuc-ci4\app\Controllers\Pages.php(23): view('pages/pages')
#3 E:\XAMPP\htdocs\tintuc-ci4\system\CodeIgniter.php(824): App\Controllers\Pages->showme('pages', 'showme')
#4 E:\XAMPP\htdocs\tintuc-ci4\system\CodeIgniter.php(410): CodeIgniter\CodeIgniter->runController(Object(App\Controllers\Pages))
#5 E:\XAMPP\htdocs\tintuc-ci4\system\CodeIgniter.php(318): CodeIgniter\CodeIgniter->handleRequest(NULL, Object(Config\Cache), false)
#6 E:\XAMPP\htdocs\tintuc-ci4\public\index.php(37): CodeIgniter\CodeIgniter->run()
#7 {main}
CRITICAL - 2021-12-29 20:10:07 --> Invalid file: pages/pages.php
#0 E:\XAMPP\htdocs\tintuc-ci4\system\View\View.php(198): CodeIgniter\Exceptions\FrameworkException::forInvalidFile('pages/pages.php')
#1 E:\XAMPP\htdocs\tintuc-ci4\system\Common.php(1097): CodeIgniter\View\View->render('pages/pages', Array, true)
#2 E:\XAMPP\htdocs\tintuc-ci4\app\Controllers\Pages.php(23): view('pages/pages')
#3 E:\XAMPP\htdocs\tintuc-ci4\system\CodeIgniter.php(824): App\Controllers\Pages->showme('pages', 'showme')
#4 E:\XAMPP\htdocs\tintuc-ci4\system\CodeIgniter.php(410): CodeIgniter\CodeIgniter->runController(Object(App\Controllers\Pages))
#5 E:\XAMPP\htdocs\tintuc-ci4\system\CodeIgniter.php(318): CodeIgniter\CodeIgniter->handleRequest(NULL, Object(Config\Cache), false)
#6 E:\XAMPP\htdocs\tintuc-ci4\public\index.php(37): CodeIgniter\CodeIgniter->run()
#7 {main}
CRITICAL - 2021-12-29 20:10:42 --> Invalid file: pages/pages.php
#0 E:\XAMPP\htdocs\tintuc-ci4\system\View\View.php(198): CodeIgniter\Exceptions\FrameworkException::forInvalidFile('pages/pages.php')
#1 E:\XAMPP\htdocs\tintuc-ci4\system\Common.php(1097): CodeIgniter\View\View->render('pages/pages', Array, true)
#2 E:\XAMPP\htdocs\tintuc-ci4\app\Controllers\Pages.php(23): view('pages/pages')
#3 E:\XAMPP\htdocs\tintuc-ci4\system\CodeIgniter.php(824): App\Controllers\Pages->showme('pages', 'showme')
#4 E:\XAMPP\htdocs\tintuc-ci4\system\CodeIgniter.php(410): CodeIgniter\CodeIgniter->runController(Object(App\Controllers\Pages))
#5 E:\XAMPP\htdocs\tintuc-ci4\system\CodeIgniter.php(318): CodeIgniter\CodeIgniter->handleRequest(NULL, Object(Config\Cache), false)
#6 E:\XAMPP\htdocs\tintuc-ci4\public\index.php(37): CodeIgniter\CodeIgniter->run()
#7 {main}
CRITICAL - 2021-12-29 20:10:50 --> Invalid file: pages/pages.php
#0 E:\XAMPP\htdocs\tintuc-ci4\system\View\View.php(198): CodeIgniter\Exceptions\FrameworkException::forInvalidFile('pages/pages.php')
#1 E:\XAMPP\htdocs\tintuc-ci4\system\Common.php(1097): CodeIgniter\View\View->render('pages/pages', Array, true)
#2 E:\XAMPP\htdocs\tintuc-ci4\app\Controllers\Pages.php(23): view('pages/pages')
#3 E:\XAMPP\htdocs\tintuc-ci4\system\CodeIgniter.php(824): App\Controllers\Pages->showme('pages', 'showme')
#4 E:\XAMPP\htdocs\tintuc-ci4\system\CodeIgniter.php(410): CodeIgniter\CodeIgniter->runController(Object(App\Controllers\Pages))
#5 E:\XAMPP\htdocs\tintuc-ci4\system\CodeIgniter.php(318): CodeIgniter\CodeIgniter->handleRequest(NULL, Object(Config\Cache), false)
#6 E:\XAMPP\htdocs\tintuc-ci4\public\index.php(37): CodeIgniter\CodeIgniter->run()
#7 {main}
CRITICAL - 2021-12-29 20:11:25 --> is_file() expects exactly 1 argument, 2 given
#0 E:\XAMPP\htdocs\tintuc-ci4\app\Controllers\Pages.php(15): is_file('E:\\XAMPP\\htdocs...', 'pages.php')
#1 E:\XAMPP\htdocs\tintuc-ci4\system\CodeIgniter.php(824): App\Controllers\Pages->showme('pages', 'showme')
#2 E:\XAMPP\htdocs\tintuc-ci4\system\CodeIgniter.php(410): CodeIgniter\CodeIgniter->runController(Object(App\Controllers\Pages))
#3 E:\XAMPP\htdocs\tintuc-ci4\system\CodeIgniter.php(318): CodeIgniter\CodeIgniter->handleRequest(NULL, Object(Config\Cache), false)
#4 E:\XAMPP\htdocs\tintuc-ci4\public\index.php(37): CodeIgniter\CodeIgniter->run()
#5 {main}
CRITICAL - 2021-12-29 20:11:36 --> syntax error, unexpected token "."
#0 E:\XAMPP\htdocs\tintuc-ci4\system\Autoloader\Autoloader.php(241): CodeIgniter\Autoloader\Autoloader->includeFile('E:\\XAMPP\\htdocs...')
#1 E:\XAMPP\htdocs\tintuc-ci4\system\Autoloader\Autoloader.php(219): CodeIgniter\Autoloader\Autoloader->loadInNamespace('App\\Controllers...')
#2 [internal function]: CodeIgniter\Autoloader\Autoloader->loadClass('App\\Controllers...')
#3 E:\XAMPP\htdocs\tintuc-ci4\system\CodeIgniter.php(789): class_exists('\\App\\Controller...', true)
#4 E:\XAMPP\htdocs\tintuc-ci4\system\CodeIgniter.php(397): CodeIgniter\CodeIgniter->startController()
#5 E:\XAMPP\htdocs\tintuc-ci4\system\CodeIgniter.php(318): CodeIgniter\CodeIgniter->handleRequest(NULL, Object(Config\Cache), false)
#6 E:\XAMPP\htdocs\tintuc-ci4\public\index.php(37): CodeIgniter\CodeIgniter->run()
#7 {main}
CRITICAL - 2021-12-29 20:12:13 --> Invalid file: pages/pages.php
#0 E:\XAMPP\htdocs\tintuc-ci4\system\View\View.php(198): CodeIgniter\Exceptions\FrameworkException::forInvalidFile('pages/pages.php')
#1 E:\XAMPP\htdocs\tintuc-ci4\system\Common.php(1097): CodeIgniter\View\View->render('pages/pages', Array, true)
#2 E:\XAMPP\htdocs\tintuc-ci4\app\Controllers\Pages.php(23): view('pages/pages')
#3 E:\XAMPP\htdocs\tintuc-ci4\system\CodeIgniter.php(824): App\Controllers\Pages->showme('pages', 'showme')
#4 E:\XAMPP\htdocs\tintuc-ci4\system\CodeIgniter.php(410): CodeIgniter\CodeIgniter->runController(Object(App\Controllers\Pages))
#5 E:\XAMPP\htdocs\tintuc-ci4\system\CodeIgniter.php(318): CodeIgniter\CodeIgniter->handleRequest(NULL, Object(Config\Cache), false)
#6 E:\XAMPP\htdocs\tintuc-ci4\public\index.php(37): CodeIgniter\CodeIgniter->run()
#7 {main}
CRITICAL - 2021-12-29 20:13:46 --> Invalid file: pages/pages.php
#0 E:\XAMPP\htdocs\tintuc-ci4\system\View\View.php(198): CodeIgniter\Exceptions\FrameworkException::forInvalidFile('pages/pages.php')
#1 E:\XAMPP\htdocs\tintuc-ci4\system\Common.php(1097): CodeIgniter\View\View->render('pages/pages', Array, true)
#2 E:\XAMPP\htdocs\tintuc-ci4\app\Controllers\Pages.php(23): view('pages/pages')
#3 E:\XAMPP\htdocs\tintuc-ci4\system\CodeIgniter.php(824): App\Controllers\Pages->showme('pages', 'showme')
#4 E:\XAMPP\htdocs\tintuc-ci4\system\CodeIgniter.php(410): CodeIgniter\CodeIgniter->runController(Object(App\Controllers\Pages))
#5 E:\XAMPP\htdocs\tintuc-ci4\system\CodeIgniter.php(318): CodeIgniter\CodeIgniter->handleRequest(NULL, Object(Config\Cache), false)
#6 E:\XAMPP\htdocs\tintuc-ci4\public\index.php(37): CodeIgniter\CodeIgniter->run()
#7 {main}
