CRITICAL - 2021-12-28 03:52:43 --> The framework needs the following extension(s) installed and loaded: intl.
#0 E:\XAMPP\htdocs\ci4\system\CodeIgniter.php(219): CodeIgniter\Exceptions\FrameworkException::forMissingExtension('intl')
#1 E:\XAMPP\htdocs\ci4\system\CodeIgniter.php(177): CodeIgniter\CodeIgniter->resolvePlatformExtensions()
#2 E:\XAMPP\htdocs\ci4\system\bootstrap.php(146): CodeIgniter\CodeIgniter->initialize()
#3 E:\XAMPP\htdocs\ci4\public\index.php(28): require('E:\\XAMPP\\htdocs...')
#4 {main}
CRITICAL - 2021-12-28 03:58:04 --> The framework needs the following extension(s) installed and loaded: intl.
#0 E:\XAMPP\htdocs\ci4\system\CodeIgniter.php(219): CodeIgniter\Exceptions\FrameworkException::forMissingExtension('intl')
#1 E:\XAMPP\htdocs\ci4\system\CodeIgniter.php(177): CodeIgniter\CodeIgniter->resolvePlatformExtensions()
#2 E:\XAMPP\htdocs\ci4\system\bootstrap.php(146): CodeIgniter\CodeIgniter->initialize()
#3 E:\XAMPP\htdocs\ci4\public\index.php(28): require('E:\\XAMPP\\htdocs...')
#4 {main}
CRITICAL - 2021-12-28 03:58:13 --> The framework needs the following extension(s) installed and loaded: intl.
#0 E:\XAMPP\htdocs\ci4\system\CodeIgniter.php(219): CodeIgniter\Exceptions\FrameworkException::forMissingExtension('intl')
#1 E:\XAMPP\htdocs\ci4\system\CodeIgniter.php(177): CodeIgniter\CodeIgniter->resolvePlatformExtensions()
#2 E:\XAMPP\htdocs\ci4\system\bootstrap.php(146): CodeIgniter\CodeIgniter->initialize()
#3 E:\XAMPP\htdocs\ci4\public\index.php(28): require('E:\\XAMPP\\htdocs...')
#4 {main}
CRITICAL - 2021-12-28 03:58:16 --> The framework needs the following extension(s) installed and loaded: intl.
#0 E:\XAMPP\htdocs\ci4\system\CodeIgniter.php(219): CodeIgniter\Exceptions\FrameworkException::forMissingExtension('intl')
#1 E:\XAMPP\htdocs\ci4\system\CodeIgniter.php(177): CodeIgniter\CodeIgniter->resolvePlatformExtensions()
#2 E:\XAMPP\htdocs\ci4\system\bootstrap.php(146): CodeIgniter\CodeIgniter->initialize()
#3 E:\XAMPP\htdocs\ci4\public\index.php(28): require('E:\\XAMPP\\htdocs...')
#4 {main}
